  main.cpp
C:\Users\rrstu\source\repos\Snake\Snake\main.cpp(136,61): warning C4244: 'argument': conversion from 'int' to 'float', possible loss of data
C:\Users\rrstu\source\repos\Snake\Snake\main.cpp(136,30): warning C4244: 'argument': conversion from 'int' to 'float', possible loss of data
C:\Users\rrstu\source\repos\Snake\Snake\main.cpp(143,63): warning C4244: 'argument': conversion from 'int' to 'float', possible loss of data
C:\Users\rrstu\source\repos\Snake\Snake\main.cpp(143,32): warning C4244: 'argument': conversion from 'int' to 'float', possible loss of data
C:\Users\rrstu\source\repos\Snake\Snake\main.cpp(150,71): warning C4244: 'argument': conversion from 'int' to 'float', possible loss of data
C:\Users\rrstu\source\repos\Snake\Snake\main.cpp(150,40): warning C4244: 'argument': conversion from 'int' to 'float', possible loss of data
C:\Users\rrstu\source\repos\Snake\Snake\main.cpp(157,73): warning C4244: 'argument': conversion from 'int' to 'float', possible loss of data
C:\Users\rrstu\source\repos\Snake\Snake\main.cpp(157,42): warning C4244: 'argument': conversion from 'int' to 'float', possible loss of data
C:\Users\rrstu\source\repos\Snake\Snake\main.cpp(214,69): warning C4244: 'argument': conversion from 'int' to 'float', possible loss of data
C:\Users\rrstu\source\repos\Snake\Snake\main.cpp(214,52): warning C4244: 'argument': conversion from 'int' to 'float', possible loss of data
C:\Users\rrstu\source\repos\Snake\Snake\main.cpp(219,70): warning C4244: 'argument': conversion from 'int' to 'float', possible loss of data
C:\Users\rrstu\source\repos\Snake\Snake\main.cpp(219,53): warning C4244: 'argument': conversion from 'int' to 'float', possible loss of data
C:\Users\rrstu\source\repos\Snake\Snake\main.cpp(224,68): warning C4244: 'argument': conversion from 'int' to 'float', possible loss of data
C:\Users\rrstu\source\repos\Snake\Snake\main.cpp(224,51): warning C4244: 'argument': conversion from 'int' to 'float', possible loss of data
C:\Users\rrstu\source\repos\Snake\Snake\main.cpp(229,71): warning C4244: 'argument': conversion from 'int' to 'float', possible loss of data
C:\Users\rrstu\source\repos\Snake\Snake\main.cpp(229,54): warning C4244: 'argument': conversion from 'int' to 'float', possible loss of data
C:\Users\rrstu\source\repos\Snake\Snake\main.cpp(234,62): warning C4244: 'argument': conversion from 'int' to 'float', possible loss of data
C:\Users\rrstu\source\repos\Snake\Snake\main.cpp(234,45): warning C4244: 'argument': conversion from 'int' to 'float', possible loss of data
C:\Users\rrstu\source\repos\Snake\Snake\main.cpp(239,57): warning C4244: 'argument': conversion from 'int' to 'float', possible loss of data
C:\Users\rrstu\source\repos\Snake\Snake\main.cpp(239,40): warning C4244: 'argument': conversion from 'int' to 'float', possible loss of data
C:\Users\rrstu\source\repos\Snake\Snake\main.cpp(240,63): warning C4244: 'argument': conversion from 'int' to 'float', possible loss of data
C:\Users\rrstu\source\repos\Snake\Snake\main.cpp(240,46): warning C4244: 'argument': conversion from 'int' to 'float', possible loss of data
C:\Users\rrstu\source\repos\Snake\Snake\main.cpp(241,63): warning C4244: 'argument': conversion from 'int' to 'float', possible loss of data
C:\Users\rrstu\source\repos\Snake\Snake\main.cpp(241,40): warning C4244: 'argument': conversion from 'int' to 'float', possible loss of data
C:\Users\rrstu\source\repos\Snake\Snake\main.cpp(242,69): warning C4244: 'argument': conversion from 'int' to 'float', possible loss of data
C:\Users\rrstu\source\repos\Snake\Snake\main.cpp(242,46): warning C4244: 'argument': conversion from 'int' to 'float', possible loss of data
C:\Users\rrstu\source\repos\Snake\Snake\main.cpp(246,67): warning C4244: 'argument': conversion from 'int' to 'float', possible loss of data
C:\Users\rrstu\source\repos\Snake\Snake\main.cpp(246,45): warning C4244: 'argument': conversion from 'int' to 'float', possible loss of data
C:\Users\rrstu\source\repos\Snake\Snake\main.cpp(249,57): warning C4244: 'argument': conversion from 'int' to 'float', possible loss of data
C:\Users\rrstu\source\repos\Snake\Snake\main.cpp(249,38): warning C4244: 'argument': conversion from 'int' to 'float', possible loss of data
C:\Users\rrstu\source\repos\Snake\Snake\main.cpp(262,71): warning C4244: 'argument': conversion from 'int' to 'float', possible loss of data
C:\Users\rrstu\source\repos\Snake\Snake\main.cpp(262,49): warning C4244: 'argument': conversion from 'int' to 'float', possible loss of data
  Snake.vcxproj -> C:\Users\rrstu\source\repos\Snake\Debug\Snake.exe

Project Performance Summary:
     2178 ms  C:\Users\rrstu\source\repos\Snake\Snake\Snake.vcxproj   1 calls
               2178 ms  Build                                      1 calls

Target Performance Summary:
        0 ms  AfterBuildCompileEvent                     1 calls
        0 ms  AfterLink                                  1 calls
        0 ms  ComputeLinkImportLibraryOutputsForClean    1 calls
        0 ms  ComputeLinkSwitches                        1 calls
        0 ms  DoLinkOutputFilesMatch                     1 calls
        0 ms  PrepareResourceNames                       1 calls
        0 ms  CreateCustomManifestResourceNames          1 calls
        0 ms  ComputeManifestInputsTargets               1 calls
        0 ms  ComputeLinkInputsFromProject               1 calls
        0 ms  ComputeCLGeneratedLinkInputs               1 calls
        0 ms  _Link                                      1 calls
        0 ms  ComputeManifestGeneratedLinkerInputs       1 calls
        0 ms  ComputeRCOutputs                           1 calls
        0 ms  BeforeLink                                 1 calls
        0 ms  BuildLinkTraverse                          1 calls
        0 ms  BuildCompile                               1 calls
        0 ms  _BuildCompileAction                        1 calls
        0 ms  _ResourceCompile                           1 calls
        0 ms  AfterResourceCompile                       1 calls
        0 ms  BeforeResourceCompile                      1 calls
        0 ms  _ClCompile                                 1 calls
        0 ms  ComputeRCGeneratedLinkInputs               1 calls
        0 ms  _ALink                                     1 calls
        0 ms  _Manifest                                  1 calls
        0 ms  RegisterOutput                             1 calls
        0 ms  AfterBuild                                 1 calls
        0 ms  BuildLink                                  1 calls
        0 ms  _BuildLinkAction                           1 calls
        0 ms  PostBuildEvent                             1 calls
        0 ms  PrepareForRun                              1 calls
        0 ms  CopyFilesToOutputDirectory                 1 calls
        0 ms  _CopySourceItemsToOutputDirectory          1 calls
        0 ms  _GetCopyToOutputDirectoryItemsFromThisProject   1 calls
        0 ms  _PopulateCommonStateForGetCopyToOutputDirectoryItems   1 calls
        0 ms  _Deploy                                    1 calls
        0 ms  _Appverifier                               1 calls
        0 ms  CreateSatelliteAssemblies                  1 calls
        0 ms  _GenerateSatelliteAssemblyInputs           1 calls
        0 ms  MakeDirsForFxc                             1 calls
        0 ms  BuiltProjectOutputGroup                    1 calls
        0 ms  _BscMake                                   1 calls
        0 ms  MakeDirsForBscMake                         1 calls
        0 ms  ComputeCLCompileGeneratedSbrFiles          1 calls
        0 ms  _XdcMake                                   1 calls
        0 ms  ComputeCLCompileGeneratedXDCFiles          1 calls
        0 ms  ResolvedXDCMake                            1 calls
        0 ms  AfterClCompile                             1 calls
        0 ms  SelectClCompile                            1 calls
        0 ms  Build                                      1 calls
        0 ms  PreBuildEvent                              1 calls
        0 ms  SelectCustomBuild                          1 calls
        0 ms  _SelectedFiles                             1 calls
        0 ms  _PrepareForReferenceResolution             1 calls
        0 ms  BeforeBuildGenerateSources                 1 calls
        0 ms  BuildGenerateSourcesTraverse               1 calls
        0 ms  ResolveReferences                          1 calls
        0 ms  AfterResolveReferences                     1 calls
        0 ms  ExpandSDKReferences                        1 calls
        0 ms  CopyFileToFolders                          1 calls
        0 ms  ResolveSDKReferences                       1 calls
        0 ms  GetResolvedWinMD                           1 calls
        0 ms  AddExternalIncludDirectoriesToPaths        1 calls
        0 ms  GetFrameworkPaths                          1 calls
        0 ms  PrepareProjectReferences                   1 calls
        0 ms  _AddOutputPathToGlobalPropertiesToRemove   1 calls
        0 ms  _SplitProjectReferencesByFileExistence     1 calls
        0 ms  AssignProjectConfiguration                 1 calls
        0 ms  BeforeResolveReferences                    1 calls
        0 ms  SetCABuildNativeEnvironmentVariables       1 calls
        0 ms  _Xsd                                       1 calls
        0 ms  _PrepareForBuild                           1 calls
        0 ms  BuildCompileTraverse                       1 calls
        0 ms  ComputeCLInputPDBName                      1 calls
        0 ms  BeforeClCompile                            1 calls
        0 ms  BuildGenerateSources                       1 calls
        0 ms  FindReferenceAssembliesForReferences       1 calls
        0 ms  _BuildGenerateSourcesAction                1 calls
        0 ms  AfterBuildGenerateSourcesEvent             1 calls
        0 ms  AfterBuildGenerateSources                  1 calls
        0 ms  _Midl                                      1 calls
        0 ms  GetReferencedVCProjectsInfo                1 calls
        0 ms  AfterMidl                                  1 calls
        0 ms  ComputeMIDLGeneratedCompileInputs          1 calls
        1 ms  SetTelemetryEnvironmentVariables           1 calls
        1 ms  ResolveProjectReferences                   1 calls
        1 ms  WarnCompileDuplicatedFilename              1 calls
        1 ms  ComputeLegacyManifestEmbedding             1 calls
        1 ms  IncrementalClean                           1 calls
        1 ms  GetCopyToOutputDirectoryXamlAppDefs        1 calls
        1 ms  ContentFilesProjectOutputGroup             1 calls
        1 ms  MakeDirsForLink                            1 calls
        1 ms  SplitResourcesByCulture                    1 calls
        1 ms  MakeDirsForXdcMake                         1 calls
        1 ms  SetBuildDefaultEnvironmentVariables        1 calls
        1 ms  _GetCopyToOutputDirectoryItemsFromTransitiveProjectReferences   1 calls
        1 ms  GetCopyToOutputDirectoryItems              1 calls
        1 ms  MakeDirsForMidl                            1 calls
        1 ms  _CheckWindowsSDKInstalled                  1 calls
        1 ms  SatelliteDllsProjectOutputGroup            1 calls
        1 ms  GetReferenceAssemblyPaths                  1 calls
        1 ms  MakeDirsForCl                              1 calls
        1 ms  PreLinkEvent                               1 calls
        1 ms  _CleanGetCurrentAndPriorFileWrites         1 calls
        1 ms  _GetProjectReferenceTargetFrameworkProperties   1 calls
        1 ms  _CheckForCompileOutputs                    1 calls
        1 ms  ComputeCLOutputs                           1 calls
        1 ms  ResolveAssemblyReferences                  1 calls
        1 ms  ComputeCustomBuildOutput                   1 calls
        1 ms  AssignTargetPaths                          1 calls
        1 ms  FixupCLCompileOptions                      1 calls
        1 ms  ComputeReferenceCLInput                    1 calls
        1 ms  MakeDirsForResourceCompile                 1 calls
        2 ms  CustomBuild                                1 calls
        2 ms  CreateRecipeFile                           1 calls
        2 ms  FinalizeBuildStatus                        1 calls
        3 ms  _CheckForInvalidConfigurationAndPlatform   1 calls
        4 ms  InitializeBuildStatus                      1 calls
        5 ms  PrepareForBuild                            1 calls
      212 ms  Link                                       1 calls
     1916 ms  ClCompile                                  1 calls

Task Performance Summary:
        0 ms  Message                                    3 calls
        0 ms  AssignProjectConfiguration                 1 calls
        0 ms  ConvertToAbsolutePath                      1 calls
        0 ms  CreateItem                                 2 calls
        0 ms  RemoveDuplicates                           2 calls
        1 ms  ReadLinesFromFile                          2 calls
        1 ms  CheckVCToolsetVersion                      1 calls
        1 ms  AssignCulture                              1 calls
        1 ms  CallTarget                                 2 calls
        1 ms  FindUnderPath                              5 calls
        1 ms  Delete                                     2 calls
        1 ms  WriteLinesToFile                           1 calls
        1 ms  AssignTargetPath                           7 calls
        1 ms  MSBuild                                    1 calls
        2 ms  SetEnv                                     9 calls
        2 ms  MakeDir                                   10 calls
        2 ms  GetOutOfDateItems                          3 calls
        2 ms  GenerateDesktopDeployRecipe                1 calls
        3 ms  Touch                                      2 calls
      203 ms  Link                                       1 calls
     1914 ms  CL                                         1 calls
